2024-02-17 16:10:15,189 - root -INFO -MAIN METHOD STARTED
2024-02-17 16:10:15,189 - root -INFO -CALLING SPARK OBJECT
2024-02-17 16:10:15,190 - Create_spark -INFO -get_spark method started 
2024-02-17 16:10:15,190 - Create_spark -INFO - master is local
2024-02-17 16:10:19,024 - Create_spark -INFO -Spark object created 
2024-02-17 16:10:19,024 - root -INFO -VALIDATING SPARK OBJECT.............
2024-02-17 16:10:19,024 - Create_spark -WARNING -hiiii
2024-02-17 16:10:19,024 - Create_spark -WARNING -started the get_current_date method...
2024-02-17 16:10:22,298 - Create_spark -WARNING -validating spark object with current date-[Row(current_date()=datetime.date(2024, 2, 17))]
2024-02-17 16:10:22,298 - root -WARNING -Validation done , go frwd...
2024-02-17 16:10:22,298 - root -INFO -READING FILE OF FORMAT csv
2024-02-17 16:10:22,299 - root -WARNING -load files method started ..................
2024-02-17 16:10:22,443 - root -WARNING -data frame created successfully of format csv 
2024-02-17 16:10:22,599 - root -INFO -...............INSIDE UDF FUNCTION TO CATEGRORIZE MAGBNITUDE LEVELS.....................
2024-02-17 16:10:22,629 - root -INFO -...............INSIDE distance UDF FUNCTION....................
2024-02-17 16:10:27,926 - Ingest -INFO -DONE WRITING
2024-02-17 16:10:29,576 - root -INFO -APPLICATION DONE
2024-02-17 16:11:15,959 - root -INFO -MAIN METHOD STARTED
2024-02-17 16:11:15,959 - root -INFO -CALLING SPARK OBJECT
2024-02-17 16:11:15,960 - Create_spark -INFO -get_spark method started 
2024-02-17 16:11:15,960 - Create_spark -INFO - master is local
2024-02-17 16:11:19,784 - Create_spark -INFO -Spark object created 
2024-02-17 16:11:19,784 - root -INFO -VALIDATING SPARK OBJECT.............
2024-02-17 16:11:19,784 - Create_spark -WARNING -hiiii
2024-02-17 16:11:19,784 - Create_spark -WARNING -started the get_current_date method...
2024-02-17 16:11:23,286 - Create_spark -WARNING -validating spark object with current date-[Row(current_date()=datetime.date(2024, 2, 17))]
2024-02-17 16:11:23,286 - root -WARNING -Validation done , go frwd...
2024-02-17 16:11:23,287 - root -INFO -READING FILE OF FORMAT csv
2024-02-17 16:11:23,287 - root -WARNING -load files method started ..................
2024-02-17 16:11:23,423 - root -WARNING -data frame created successfully of format csv 
2024-02-17 16:11:23,587 - root -INFO -...............INSIDE UDF FUNCTION TO CATEGRORIZE MAGBNITUDE LEVELS.....................
2024-02-17 16:11:23,615 - root -INFO -...............INSIDE distance UDF FUNCTION....................
2024-02-17 16:11:29,068 - Ingest -INFO -DONE WRITING
2024-02-17 16:11:30,810 - root -INFO -PRITING THE FINAL DF
2024-02-17 16:11:31,947 - root -INFO -APPLICATION DONE
2024-02-17 16:13:59,717 - root -INFO -MAIN METHOD STARTED
2024-02-17 16:13:59,717 - root -INFO -CALLING SPARK OBJECT
2024-02-17 16:13:59,718 - Create_spark -INFO -get_spark method started 
2024-02-17 16:13:59,718 - Create_spark -INFO - master is local
2024-02-17 16:14:03,382 - Create_spark -INFO -Spark object created 
2024-02-17 16:14:03,382 - root -INFO -VALIDATING SPARK OBJECT.............
2024-02-17 16:14:03,382 - Create_spark -WARNING -hiiii
2024-02-17 16:14:03,382 - Create_spark -WARNING -started the get_current_date method...
2024-02-17 16:14:06,626 - Create_spark -WARNING -validating spark object with current date-[Row(current_date()=datetime.date(2024, 2, 17))]
2024-02-17 16:14:06,626 - root -WARNING -Validation done , go frwd...
2024-02-17 16:14:06,626 - root -INFO -READING FILE OF FORMAT csv
2024-02-17 16:14:06,626 - root -WARNING -load files method started ..................
2024-02-17 16:14:06,786 - root -WARNING -data frame created successfully of format csv 
2024-02-17 16:14:06,953 - root -INFO -...............INSIDE UDF FUNCTION TO CATEGRORIZE MAGBNITUDE LEVELS.....................
2024-02-17 16:14:06,995 - root -INFO -...............INSIDE distance UDF FUNCTION....................
2024-02-17 16:14:12,372 - Ingest -INFO -DONE WRITING
2024-02-17 16:14:14,127 - root -INFO -PRITING THE FINAL DF
2024-02-17 16:14:15,246 - root -INFO -APPLICATION DONE
2024-02-17 16:19:23,964 - root -INFO -MAIN METHOD STARTED
2024-02-17 16:19:23,964 - root -INFO -CALLING SPARK OBJECT
2024-02-17 16:19:23,965 - Create_spark -INFO -get_spark method started 
2024-02-17 16:19:23,965 - Create_spark -INFO - master is local
2024-02-17 16:19:27,626 - Create_spark -INFO -Spark object created 
2024-02-17 16:19:27,626 - root -INFO -VALIDATING SPARK OBJECT.............
2024-02-17 16:19:27,626 - Create_spark -WARNING -hiiii
2024-02-17 16:19:27,626 - Create_spark -WARNING -started the get_current_date method...
2024-02-17 16:19:30,849 - Create_spark -WARNING -validating spark object with current date-[Row(current_date()=datetime.date(2024, 2, 17))]
2024-02-17 16:19:30,850 - root -WARNING -Validation done , go frwd...
2024-02-17 16:19:30,850 - root -INFO -READING FILE OF FORMAT csv
2024-02-17 16:19:30,850 - root -WARNING -load files method started ..................
2024-02-17 16:19:30,983 - root -WARNING -data frame created successfully of format csv 
2024-02-17 16:19:31,136 - root -INFO -...............INSIDE UDF FUNCTION TO CATEGRORIZE MAGBNITUDE LEVELS.....................
2024-02-17 16:19:31,163 - root -INFO -assessmnet 3
2024-02-17 16:19:33,277 - root -INFO -...............INSIDE distance UDF FUNCTION....................
2024-02-17 16:19:33,299 - root -INFO -assessmnet4 
2024-02-17 16:19:38,756 - Ingest -INFO -DONE WRITING
2024-02-17 16:19:40,392 - root -INFO -PRITING THE FINAL DF
2024-02-17 16:19:41,299 - root -INFO -APPLICATION DONE
2024-02-17 16:22:51,340 - root -INFO -MAIN METHOD STARTED
2024-02-17 16:22:51,341 - root -INFO -CALLING SPARK OBJECT
2024-02-17 16:22:51,341 - Create_spark -INFO -get_spark method started 
2024-02-17 16:22:51,341 - Create_spark -INFO - master is local
2024-02-17 16:22:55,099 - Create_spark -INFO -Spark object created 
2024-02-17 16:22:55,099 - root -INFO -VALIDATING SPARK OBJECT.............
2024-02-17 16:22:55,099 - Create_spark -WARNING -hiiii
2024-02-17 16:22:55,099 - Create_spark -WARNING -started the get_current_date method...
2024-02-17 16:22:58,329 - Create_spark -WARNING -validating spark object with current date-[Row(current_date()=datetime.date(2024, 2, 17))]
2024-02-17 16:22:58,329 - root -WARNING -Validation done , go frwd...
2024-02-17 16:22:58,329 - root -INFO -READING FILE OF FORMAT csv
2024-02-17 16:22:58,329 - root -WARNING -load files method started ..................
2024-02-17 16:22:58,469 - root -WARNING -data frame created successfully of format csv 
2024-02-17 16:22:58,582 - root -INFO -assessmnet 2
2024-02-17 16:22:59,033 - root -INFO -assessmnet 3
2024-02-17 16:22:59,435 - root -INFO -assessmnet 4
2024-02-17 16:23:00,439 - root -INFO -...............INSIDE UDF FUNCTION TO CATEGRORIZE MAGBNITUDE LEVELS.....................
2024-02-17 16:23:00,470 - root -INFO -assessmnet 5
2024-02-17 16:23:01,645 - root -INFO -...............INSIDE distance UDF FUNCTION....................
2024-02-17 16:23:01,671 - root -INFO -assesment6 
2024-02-17 16:23:06,755 - Ingest -INFO -DONE WRITING
2024-02-17 16:23:08,445 - root -INFO -PRInTING THE FINAL DF
2024-02-17 16:23:09,467 - root -INFO -APPLICATION DONE
